return rec(ListReduced:=[[ [ 0, 0, 0, 1 ],
[ 0, 0, 1, 0 ],
[ 1, 0, 0, 0 ],
[ 1, 2, 0, 0 ] ],
[ [ 0, 0, 0, 0, 1 ],
[ 0, 0, 0, 1, 0 ],
[ 0, 0, 1, 0, 0 ],
[ 1, 0, 0, 0, 0 ],
[ 1, 2, 0, 0, 0 ] ],
[ [ 0, 0, 0, 0, 0, 1 ],
[ 0, 0, 0, 0, 1, 0 ],
[ 0, 0, 0, 1, 0, 0 ],
[ 0, 0, 1, 0, 0, 0 ],
[ 1, 0, 0, 0, 0, 0 ],
[ 1, 2, 0, 0, 0, 0 ] ],
[ [ 0, 0, 0, 0, 1 ],
[ 0, 0, 0, 1, 0 ],
[ 0, 0, 1, 0, 0 ],
[ 1, 0, 0, 0, 0 ],
[ 1, 1, 1, 1, 1 ],
[ 1, 2, 0, 0, 0 ] ],
[ [ 0, 0, 0, 1 ],
[ 0, 0, 1, 0 ],
[ 1, 0, 0, 0 ],
[ 1, 1, 1, 1 ],
[ 1, 2, 0, 0 ] ],
[ [ 0, 0, 1, 0 ],
[ 1, 0, 0, 0 ],
[ 1, 0, 0, 2 ],
[ 1, 2, 0, 0 ] ],
[ [ 0, 0, 0, 1, 0 ],
[ 0, 0, 1, 0, 0 ],
[ 1, 0, 0, 0, 0 ],
[ 1, 0, 0, 0, 2 ],
[ 1, 2, 0, 0, 0 ] ],
[ [ 0, 0, 0, 0, 1, 0 ],
[ 0, 0, 0, 1, 0, 0 ],
[ 0, 0, 1, 0, 0, 0 ],
[ 1, 0, 0, 0, 0, 0 ],
[ 1, 0, 0, 0, 0, 2 ],
[ 1, 2, 0, 0, 0, 0 ] ],
[ [ 0, 0, 0, 1, 0 ],
[ 0, 0, 1, 0, 0 ],
[ 1, 0, 0, 0, 0 ],
[ 1, 0, 0, 0, 2 ],
[ 1, 1, 1, 1, 0 ],
[ 1, 2, 0, 0, 0 ] ],
[ [ 0, 0, 1, 0 ],
[ 1, 0, 0, 0 ],
[ 1, 0, 0, 2 ],
[ 1, 1, 1, 0 ],
[ 1, 2, 0, 0 ] ],
[ [ 0, 0, 0, 1 ],
[ 0, 0, 1, 0 ],
[ 1, 0, 0, 0 ],
[ 1, 1, 0, 0 ],
[ 1, 2, 0, 0 ] ],
[ [ 0, 0, 0, 0, 1 ],
[ 0, 0, 0, 1, 0 ],
[ 0, 0, 1, 0, 0 ],
[ 1, 0, 0, 0, 0 ],
[ 1, 1, 0, 0, 0 ],
[ 1, 2, 0, 0, 0 ] ],
[ [ 0, 0, 0, 0, 1 ],
[ 0, 0, 0, 1, 0 ],
[ 0, 0, 1, 0, 0 ],
[ 1, 0, 0, 0, 0 ],
[ 1, 1, 1, 1, 0 ],
[ 1, 2, 0, 0, 0 ] ],
[ [ 0, 0, 0, 1 ],
[ 0, 0, 1, 0 ],
[ 1, 0, 0, 0 ],
[ 1, 1, 1, 0 ],
[ 1, 2, 0, 0 ] ],
[ [ 0, 0, 0, 1 ],
[ 0, 0, 1, 0 ],
[ 1, 0, 0, 0 ],
[ 1, 1, 0, 0 ],
[ 1, 1, 1, 1 ],
[ 1, 2, 0, 0 ] ],
[ [ 0, 0, 0, 1 ],
[ 0, 0, 1, 0 ],
[ 0, 1, 0, 0 ],
[ 1, 0, 0, 0 ],
[ 1, 1, 1, 1 ],
[ 1, 2, 0, 0 ] ],
[ [ 0, 0, 0, 1 ],
[ 0, 0, 1, 0 ],
[ 0, 1, 0, 0 ],
[ 1, 0, 0, 0 ],
[ 1, 0, 0, 2 ] ],
[ [ 0, 0, 0, 1 ],
[ 0, 0, 1, 0 ],
[ 1, 0, 0, 0 ],
[ 1, 0, 0, 2 ],
[ 1, 2, 0, 0 ] ],
[ [ 0, 0, 0, 0, 1 ],
[ 0, 0, 0, 1, 0 ],
[ 0, 0, 1, 0, 0 ],
[ 1, 0, 0, 0, 0 ],
[ 1, 0, 0, 0, 2 ],
[ 1, 2, 0, 0, 0 ] ],
[ [ 0, 0, 0, 0, 1 ],
[ 0, 0, 1, 0, 0 ],
[ 1, 0, 0, 0, 0 ],
[ 1, 0, 0, 2, 0 ],
[ 1, 1, 1, 0, 0 ],
[ 1, 2, 0, 0, 0 ] ],
[ [ 0, 0, 0, 1 ],
[ 1, 0, 0, 0 ],
[ 1, 0, 2, 0 ],
[ 1, 1, 0, 0 ],
[ 1, 2, 0, 0 ] ],
[ [ 0, 0, 0, 1 ],
[ 0, 0, 1, 0 ],
[ 1, 0, 0, 0 ],
[ 1, 0, 0, 2 ],
[ 1, 1, 1, 0 ],
[ 1, 2, 0, 0 ] ],
[ [ 0, 0, 0, 1, 0 ],
[ 0, 0, 0, 1, 2 ],
[ 0, 0, 1, 0, 0 ],
[ 0, 1, 0, 0, 0 ],
[ 1, 0, 0, 0, 0 ],
[ 1, 1, 1, 0, 0 ] ],
[ [ 0, 0, 1, 0 ],
[ 0, 0, 1, 2 ],
[ 0, 1, 0, 0 ],
[ 1, 0, 0, 0 ],
[ 1, 1, 0, 0 ] ],
[ [ 1, 0, 0, 0 ],
[ 1, 0, 0, 2 ],
[ 1, 0, 2, 0 ],
[ 1, 2, 0, 0 ] ],
[ [ 0, 0, 1, 0, 0 ],
[ 1, 0, 0, 0, 0 ],
[ 1, 0, 0, 0, 2 ],
[ 1, 0, 0, 2, 0 ],
[ 1, 2, 0, 0, 0 ] ],
[ [ 0, 0, 0, 1, 0, 0 ],
[ 0, 0, 1, 0, 0, 0 ],
[ 1, 0, 0, 0, 0, 0 ],
[ 1, 0, 0, 0, 0, 2 ],
[ 1, 0, 0, 0, 2, 0 ],
[ 1, 2, 0, 0, 0, 0 ] ],
[ [ 0, 0, 1, 0, 0 ],
[ 1, 0, 0, 0, 0 ],
[ 1, 0, 0, 0, 2 ],
[ 1, 0, 0, 2, 0 ],
[ 1, 1, 1, 0, 0 ],
[ 1, 2, 0, 0, 0 ] ],
[ [ 1, 0, 0, 0 ],
[ 1, 0, 0, 2 ],
[ 1, 0, 2, 0 ],
[ 1, 1, 0, 0 ],
[ 1, 2, 0, 0 ] ],
[ [ 0, 0, 0, 0, 1 ],
[ 0, 0, 0, 1, 0 ],
[ 0, 0, 1, 0, 0 ],
[ 1, 0, 0, 0, 0 ],
[ 1, 1, 0, 0, -1 ],
[ 1, 2, 0, 0, 0 ] ],
[ [ 0, 0, 0, 1 ],
[ 0, 0, 1, 0 ],
[ 1, 0, 0, 0 ],
[ 1, 1, 0, -1 ],
[ 1, 1, 1, 0 ],
[ 1, 2, 0, 0 ] ],
[ [ 0, 0, 0, 1 ],
[ 0, 0, 1, 0 ],
[ 0, 1, 0, 1 ],
[ 1, 0, 0, 0 ],
[ 1, 1, 1, 0 ],
[ 1, 2, 0, 0 ] ],
[ [ 0, 0, 0, 0, 1 ],
[ 0, 0, 0, 1, 0 ],
[ 0, 1, 0, 0, 0 ],
[ 0, 1, 2, 0, 0 ],
[ 1, 0, 0, 0, -1 ],
[ 1, 0, 0, 0, 0 ] ],
[ [ 0, 0, 0, 1 ],
[ 0, 1, 0, 0 ],
[ 0, 1, 2, 0 ],
[ 1, 0, 0, -1 ],
[ 1, 0, 0, 0 ],
[ 1, 1, 1, 0 ] ],
[ [ 0, 0, 0, 1, 0 ],
[ 0, 1, 0, 0, 0 ],
[ 0, 1, 0, 0, 2 ],
[ 0, 1, 2, 0, 0 ],
[ 1, 0, 0, -1, 0 ],
[ 1, 0, 0, 0, 0 ] ],
[ [ 0, 0, 0, 1, 0 ],
[ 0, 0, 1, 0, 0 ],
[ 0, 1, 0, 0, 0 ],
[ 0, 1, 0, 0, 2 ],
[ 1, 0, 0, 0, 0 ],
[ 2, 1, 0, 0, 0 ] ],
[ [ 0, 0, 1, 0 ],
[ 0, 1, 0, 0 ],
[ 0, 1, 0, 2 ],
[ 1, 0, -1, 0 ],
[ 1, 0, 0, 0 ],
[ 2, 1, 0, 0 ] ],
[ [ 0, 0, 1, 0 ],
[ 1, 0, 0, 0 ],
[ 1, 0, 0, 2 ],
[ 1, 0, 2, 0 ],
[ 1, 2, 0, 0 ] ],
[ [ 0, 0, 0, 1, 0 ],
[ 0, 0, 1, 0, 0 ],
[ 1, 0, 0, 0, 0 ],
[ 1, 0, 0, 0, 2 ],
[ 1, 0, 0, 2, 0 ],
[ 1, 2, 0, 0, 0 ] ],
[ [ 0, 0, 1, 0 ],
[ 1, 0, 0, 0 ],
[ 1, 0, 0, 2 ],
[ 1, 0, 2, 0 ],
[ 1, 1, 0, 0 ],
[ 1, 2, 0, 0 ] ],
[ [ 0, 0, 0, 1 ],
[ 0, 0, 1, 0 ],
[ 1, 0, 0, 0 ],
[ 1, 1, 0, 0 ],
[ 1, 1, 1, 0 ],
[ 1, 2, 0, 0 ] ],
[ [ 0, 0, 0, 1 ],
[ 0, 0, 1, 0 ],
[ 0, 1, 0, 0 ],
[ 1, 0, 0, 0 ],
[ 1, 1, 1, 0 ],
[ 1, 2, 0, 0 ] ],
[ [ 0, 0, 0, 1 ],
[ 0, 0, 1, 0 ],
[ 1, 0, 0, 0 ],
[ 1, 0, 0, 2 ],
[ 1, 1, 0, 1 ],
[ 1, 2, 0, 0 ] ],
[ [ 1, 0, 0, 0, 0 ],
[ 1, 0, 0, 0, 2 ],
[ 1, 0, 0, 2, 0 ],
[ 1, 0, 2, 0, 0 ],
[ 1, 2, 0, 0, 0 ] ],
[ [ 0, 0, 1, 0, 0, 0 ],
[ 1, 0, 0, 0, 0, 0 ],
[ 1, 0, 0, 0, 0, 2 ],
[ 1, 0, 0, 0, 2, 0 ],
[ 1, 0, 0, 2, 0, 0 ],
[ 1, 2, 0, 0, 0, 0 ] ],
[ [ 1, 0, 0, 0, 0 ],
[ 1, 0, 0, 0, 2 ],
[ 1, 0, 0, 2, 0 ],
[ 1, 0, 2, 0, 0 ],
[ 1, 1, 0, 0, 0 ],
[ 1, 2, 0, 0, 0 ] ],
[ [ 0, 0, 0, 1 ],
[ 0, 0, 1, 0 ],
[ 0, 1, 0, 0 ],
[ 1, 0, 0, -1 ],
[ 1, 0, 0, 0 ],
[ 2, 0, 0, -1 ] ],
[ [ 0, 0, 1, 0 ],
[ 0, 0, 1, 1 ],
[ 0, 0, 1, 2 ],
[ 0, 1, 0, 0 ],
[ 1, 0, 0, 0 ],
[ 1, 1, 0, 0 ] ],
[ [ 0, 0, 1, 0, 0 ],
[ 1, 0, 0, 0, 0 ],
[ 1, 0, 0, 0, 2 ],
[ 1, 0, 0, 1, 1 ],
[ 1, 0, 0, 2, 0 ],
[ 1, 2, 0, 0, 0 ] ],
[ [ 1, 0, 0, 0 ],
[ 1, 0, 0, 2 ],
[ 1, 0, 1, 1 ],
[ 1, 0, 2, 0 ],
[ 1, 1, 0, 0 ],
[ 1, 2, 0, 0 ] ],
[ [ 0, 0, 0, 1 ],
[ 0, 0, 1, 0 ],
[ 0, 1, 0, 0 ],
[ 1, 0, 0, 0 ],
[ 1, 1, 0, 0 ],
[ 1, 2, 0, 0 ] ],
[ [ 1, 0, 0, 0, 0, 0 ],
[ 1, 0, 0, 0, 0, 2 ],
[ 1, 0, 0, 0, 2, 0 ],
[ 1, 0, 0, 2, 0, 0 ],
[ 1, 0, 2, 0, 0, 0 ],
[ 1, 2, 0, 0, 0, 0 ] ]],
VectPos:=[0,1,2,0,1,0,3,4,0,1,5,0,6,1,7,0,5,0,6,5,0,1,0,4,8,9,4,0,0,1,1,2,0,1,0,0,1,0,0,10,11,10,4,12,4,13,14,15,0,0,1,0,0,1,1,2,0,0,1,0,0,0,1,0,0,0,1,0,0,4,12,4,13,4,0,0,1,0,0,1,5,0,5,6,0,1,6,7,0,0,5,0,6,0,0,5,0,5,6,5,5,0,0,1,0,0,16,17,18,0,17,10,13,9,19,9,20,13,21,0,1,0,1,2,0,0,1,0,10,11,10,22,23,14,0,5,5,0,6,0,0,1,5,0,6,0,6,1,7,5,0,5,0,6,5,0,5,0,6,5,0,0,0,1,0,0,0,5,0,6,5,5,0,9,13,19,9,20,13,9,0,5,0,0,6,24,5,25,0,6,26,0,5,6,5,24,5,25,5,24,0,5,0,6,0,5,0,9,27,9,28,9,0,0,1,2,0,0,1,0,0,13,29,10,13,30,31,0,0,1,0,1,0,1,2,0,0,0,1,0,0,0,1,0,23,32,0,23,13,29,13,10,33,0,5,0,6,0,1,5,0,6,1,7,5,0,5,0,6,5,0,0,1,0,23,23,34,5,23,20,10,35,20,10,36,0,5,0,6,5,0,5,0,6,24,5,25,6,26,5,5,24,5,5,25,0,0,5,5,6,5,24,5,0,17,37,17,38,5,17,37,17,39,0,0,0,1,0,0,1,0,1,1,2,0,0,0,1,0,0,0,1,0,0,0,0,1,0,0,0,0,1,0,0,0,10,10,10,11,10,10,10,13,13,29,13,13,10,13,40,41,0,0,0,1,0,1,2,0,0,0,1,0,0,0,1,0,0,0,13,29,13,13,0,0,1,5,6,7,0,0,5,6,5,10,20,35,0,20,42,0,0,0,1,0,0,5,5,6,0,0,1,0,0,1,5,6,6,7,0,5,0,0,5,6,0,5,0,0,5,6,5,0,0,0,1,0,0,0,0,0,5,6,5,5,0,17,16,17,18,17,0,10,17,16,17,17,18,17,17,16,17,42,0,0,0,1,0,0,1,0,1,1,2,0,0,0,1,0,0,0,1,0,0,0,1,0,0,10,10,10,11,10,10,10,23,32,23,0,23,40,5,0,0,5,0,6,5,24,25,5,0,6,25,26,5,24,5,25,0,5,5,6,5,0,5,0,5,6,5,0,5,5,25,24,5,5,0,17,37,38,37,17,17,37,5,24,5,5,5,25,24,24,43,5,5,25,25,44,5,5,24,5,25,5,24,24,24,43,24,5,24,5,5,25,5,5,24,5,28,28,45,28,24,28,0,0,0,1,0,1,1,2,0,0,1,0,1,0,0,0,0,1,0,0,0,10,10,11,10,10,10,13,13,29,13,13,10,40,41,0,0,0,1,0,0,1,0,1,1,2,0,0,0,1,0,0,1,0,0,0,0,1,0,0,0,0,1,0,0,0,13,13,29,13,13,10,13,0,0,1,0,0,1,1,2,0,0,1,10,10,11,0,0,0,1,0,10,0,10,10,11,10,10,46,10,23,32,23,47,0,40,0,5,0,5,6,0,0,1,0,5,6,0,1,6,7,5,0,5,0,6,5,0,0,6,5,0,0,0,1,0,0,0,0,5,6,5,5,0,20,10,20,35,20,20,10,20,0,5,0,0,5,6,24,25,26,5,24,5,25,20,28,48,5,24,28,0,5,6,5,20,0,49,0,0,1,0,0,1,1,2,10,10,11,0,0,0,1,10,0,0,1,10,0,23,32,47,0,23,0,0,0,1,0,1,2,0,0,0,1,0,0,0,1,0,0,0,10,10,10,11,10,10,10,10,10,50,0,0,0,1,0,0,1,0,1,1,2,0,0,0,1,0,0,0,1,0,0,0,1,0,0,10,10,10,11,10,10,0,0,1,0,0,0,10,10,10,10,11,10,10,10,10,46,10,0,0,0,1,0,0,1,0,1,1,2,0,0,0,1,0,0,1,0,10,10,10,11,10,10,0,0,1,0,0,10,0,0,1,0,0,10,0,24,24,24,43,51,24,24,43,24,24,24]);
